<?xml version="1.0" encoding="UTF-8"?>
<!-- Generated by org.testng.reporters.JUnitReportReporter -->
<testsuite hostname="SagarP" failures="0" tests="3" name="testNGDataProviderKey.StudyOfDataProvider" time="181.207" errors="0" timestamp="2023-07-04T16:22:48 IST" skipped="0">
  <testcase classname="testNGDataProviderKey.StudyOfDataProvider" name="fbInfo" time="49.738"/>
  <testcase classname="testNGDataProviderKey.StudyOfDataProvider" name="fbInfo" time="80.267"/>
  <testcase classname="testNGDataProviderKey.StudyOfDataProvider" name="fbInfo" time="51.202"/>
</testsuite> <!-- testNGDataProviderKey.StudyOfDataProvider -->
