<?xml version="1.0" encoding="UTF-8"?>
<!-- Generated by org.testng.reporters.JUnitReportReporter -->
<testsuite hostname="SagarP" failures="0" tests="2" name="testNGAssertStudy.StudyNullAssert" time="15.771" errors="0" timestamp="2023-06-20T19:21:08 IST" skipped="0">
  <testcase classname="testNGAssertStudy.StudyNullAssert" name="a" time="0.028"/>
  <testcase classname="testNGAssertStudy.StudyNullAssert" name="fb" time="15.743"/>
</testsuite> <!-- testNGAssertStudy.StudyNullAssert -->
