<?xml version="1.0" encoding="UTF-8"?>
<!-- Generated by org.testng.reporters.JUnitReportReporter -->
<testsuite hostname="SagarP" failures="0" tests="1" name="pratikProj.PolicyBazar_Test_Utility_Base" time="52.609" errors="0" timestamp="2023-07-10T19:10:08 IST" skipped="0">
  <testcase classname="pratikProj.PolicyBazar_Test_Utility_Base" name="verifyusername" time="52.609"/>
  <system-out>
    <![CDATA[Applying a sleep of1000 
Reading data URLfrom property file
Launching browser
Applying a sleep of4000 
Applying a sleep of4000 
Reading data MNfrom property file
Applying a sleep of4000 
Applying a sleep of4000 
Reading data pwfrom property file
Applying a sleep of4000 
Applying a sleep of4000 
Applying a sleep of4000 
Applying a sleep of4000 
Applying a sleep of4000 ]]>
  </system-out>
</testsuite> <!-- pratikProj.PolicyBazar_Test_Utility_Base -->
