<?xml version="1.0" encoding="UTF-8"?>
<!-- Generated by org.testng.reporters.JUnitReportReporter -->
<testsuite hostname="SagarP" failures="0" tests="2" name="testNGCrossBrowser.CrossBrowsertesting" time="101.590" errors="0" timestamp="2023-06-19T14:56:19 IST" skipped="0">
  <testcase classname="testNGCrossBrowser.CrossBrowsertesting" name="cbTest" time="49.163"/>
  <testcase classname="testNGCrossBrowser.CrossBrowsertesting" name="cbTest" time="52.427"/>
</testsuite> <!-- testNGCrossBrowser.CrossBrowsertesting -->
