<?xml version="1.0" encoding="UTF-8"?>
<!-- Generated by org.testng.reporters.JUnitReportReporter -->
<testsuite hostname="SagarP" failures="0" tests="3" name="excluseIncludeStudy.B" time="0.074" errors="0" timestamp="2023-07-01T17:53:35 IST" skipped="0">
  <testcase classname="excluseIncludeStudy.B" name="e" time="0.044">
    <system-out>
      <![CDATA[E is running]]>
    </system-out>
  </testcase> <!-- e -->
  <testcase classname="excluseIncludeStudy.B" name="g" time="0.024">
    <system-out>
      <![CDATA[G is running]]>
    </system-out>
  </testcase> <!-- g -->
  <testcase classname="excluseIncludeStudy.B" name="f" time="0.006">
    <system-out>
      <![CDATA[F is running]]>
    </system-out>
  </testcase> <!-- f -->
  <system-out>
    <![CDATA[E is running
A is running
F is running
B is running
G is running
D is running]]>
  </system-out>
</testsuite> <!-- excluseIncludeStudy.B -->
