<?xml version="1.0" encoding="UTF-8"?>
<!-- Generated by org.testng.reporters.JUnitReportReporter -->
<testsuite hostname="SagarP" failures="0" tests="6" name="testNGStudy.TestNGKeywords" time="0.115" errors="0" timestamp="2023-06-13T17:01:54 IST" skipped="1">
  <testcase classname="testNGStudy.TestNGKeywords" name="c" time="0.016">
    <system-out>
      <![CDATA[method C]]>
    </system-out>
  </testcase> <!-- c -->
  <testcase classname="testNGStudy.TestNGKeywords" name="c" time="0.014">
    <system-out>
      <![CDATA[method C]]>
    </system-out>
  </testcase> <!-- c -->
  <testcase classname="testNGStudy.TestNGKeywords" name="c" time="0.020">
    <system-out>
      <![CDATA[method C]]>
    </system-out>
  </testcase> <!-- c -->
  <testcase classname="testNGStudy.TestNGKeywords" name="b" time="0.047">
    <system-out>
      <![CDATA[method B]]>
    </system-out>
  </testcase> <!-- b -->
  <testcase classname="testNGStudy.TestNGKeywords" name="d" time="0.018">
    <system-out>
      <![CDATA[method D]]>
    </system-out>
  </testcase> <!-- d -->
  <testcase classname="testNGStudy.TestNGKeywords" name="a">
    <skipped/>
  </testcase> <!-- a -->
  <system-out>
    <![CDATA[method B
method C
method C
method C
method D]]>
  </system-out>
</testsuite> <!-- testNGStudy.TestNGKeywords -->
