<?xml version="1.0" encoding="UTF-8"?>
<!-- Generated by org.testng.reporters.JUnitReportReporter -->
<testsuite hostname="SagarP" failures="0" tests="2" name="testNGStudy.Test4" time="0.041" errors="0" timestamp="2023-06-24T13:18:25 IST" skipped="0">
  <testcase classname="testNGStudy.Test4" name="myMethod3" time="0.007">
    <system-out>
      <![CDATA[test3 is running]]>
    </system-out>
  </testcase> <!-- myMethod3 -->
  <testcase classname="testNGStudy.Test4" name="myMethod1" time="0.034">
    <system-out>
      <![CDATA[test1 is running]]>
    </system-out>
  </testcase> <!-- myMethod1 -->
  <system-out>
    <![CDATA[test1 is running
test3 is running
D is running]]>
  </system-out>
</testsuite> <!-- testNGStudy.Test4 -->
