<?xml version="1.0" encoding="UTF-8"?>
<!-- Generated by org.testng.reporters.JUnitReportReporter -->
<testsuite hostname="SagarP" failures="0" tests="1" name="testNGFirefox.OpenFB" time="19.144" errors="0" timestamp="2023-06-17T08:44:29 IST" skipped="0">
  <testcase classname="testNGFirefox.OpenFB" name="fb" time="19.144"/>
</testsuite> <!-- testNGFirefox.OpenFB -->
