<?xml version="1.0" encoding="UTF-8"?>
<!-- Generated by org.testng.reporters.JUnitReportReporter -->
<testsuite hostname="SagarP" failures="0" tests="1" name="testNGStudy.Test3" time="0.008" errors="0" timestamp="2023-06-24T13:18:25 IST" skipped="0">
  <testcase classname="testNGStudy.Test3" name="d" time="0.008">
    <system-out>
      <![CDATA[D is running]]>
    </system-out>
  </testcase> <!-- d -->
  <system-out>
    <![CDATA[test1 is running
test3 is running
D is running]]>
  </system-out>
</testsuite> <!-- testNGStudy.Test3 -->
