<?xml version="1.0" encoding="UTF-8"?>
<!-- Generated by org.testng.reporters.JUnitReportReporter -->
<testsuite hostname="SagarP" failures="0" tests="2" name="testNG_CrossBrowser.CrossBrowser" time="44.740" errors="0" timestamp="2023-07-01T18:43:02 IST" skipped="0">
  <testcase classname="testNG_CrossBrowser.CrossBrowser" name="fb" time="21.994"/>
  <testcase classname="testNG_CrossBrowser.CrossBrowser" name="fb" time="22.746"/>
</testsuite> <!-- testNG_CrossBrowser.CrossBrowser -->
