<?xml version="1.0" encoding="UTF-8"?>
<!-- Generated by org.testng.reporters.JUnitReportReporter -->
<testsuite hostname="SagarP" failures="0" tests="3" name="testNGStudy.FlipkartStudy" time="0.083" errors="0" timestamp="2023-06-13T16:47:32 IST" skipped="0">
  <testcase classname="testNGStudy.FlipkartStudy" name="moveToWishlist" time="0.036">
    <system-out>
      <![CDATA[product successfully add in to wishlist]]>
    </system-out>
  </testcase> <!-- moveToWishlist -->
  <testcase classname="testNGStudy.FlipkartStudy" name="addToCart" time="0.019"/>
  <testcase classname="testNGStudy.FlipkartStudy" name="buyProduct" time="0.028"/>
  <system-out>
    <![CDATA[product successfully add in to wishlist]]>
  </system-out>
</testsuite> <!-- testNGStudy.FlipkartStudy -->
