<?xml version="1.0" encoding="UTF-8"?>
<!-- Generated by org.testng.reporters.JUnitReportReporter -->
<testsuite hostname="SagarP" failures="0" tests="3" name="excluseIncludeStudy.A" time="0.095" errors="0" timestamp="2023-07-01T17:53:35 IST" skipped="0">
  <testcase classname="excluseIncludeStudy.A" name="d" time="0.014">
    <system-out>
      <![CDATA[D is running]]>
    </system-out>
  </testcase> <!-- d -->
  <testcase classname="excluseIncludeStudy.A" name="b" time="0.036">
    <system-out>
      <![CDATA[B is running]]>
    </system-out>
  </testcase> <!-- b -->
  <testcase classname="excluseIncludeStudy.A" name="a" time="0.045">
    <system-out>
      <![CDATA[A is running]]>
    </system-out>
  </testcase> <!-- a -->
  <system-out>
    <![CDATA[E is running
A is running
F is running
B is running
G is running
D is running]]>
  </system-out>
</testsuite> <!-- excluseIncludeStudy.A -->
