<?xml version="1.0" encoding="UTF-8"?>
<!-- Generated by org.testng.reporters.JUnitReportReporter -->
<testsuite hostname="SagarP" failures="0" tests="2" name="testNGCrossBrowser.OpenFB" time="41.056" errors="0" timestamp="2023-06-19T16:43:07 IST" skipped="0">
  <testcase classname="testNGCrossBrowser.OpenFB" name="fb" time="22.053"/>
  <testcase classname="testNGCrossBrowser.OpenFB" name="fb" time="19.003"/>
</testsuite> <!-- testNGCrossBrowser.OpenFB -->
