<?xml version="1.0" encoding="UTF-8"?>
<!-- Generated by org.testng.reporters.JUnitReportReporter -->
<testsuite hostname="SagarP" failures="0" tests="2" name="testNGCrossBrowser.CBrowserStudy" time="32.096" errors="0" timestamp="2023-06-20T22:36:34 IST" skipped="0">
  <testcase classname="testNGCrossBrowser.CBrowserStudy" name="openInsta" time="13.802"/>
  <testcase classname="testNGCrossBrowser.CBrowserStudy" name="openInsta" time="18.294"/>
</testsuite> <!-- testNGCrossBrowser.CBrowserStudy -->
