<?xml version="1.0" encoding="UTF-8"?>
<!-- Generated by org.testng.reporters.JUnitReportReporter -->
<testsuite hostname="SagarP" failures="0" tests="1" name="study_POMForDribble.TestClass" time="23.934" errors="0" timestamp="2023-07-02T15:15:19 IST" skipped="0">
  <testcase classname="study_POMForDribble.TestClass" name="dribbel" time="23.934">
    <system-out>
      <![CDATA[wait for sometimes
read data from excel
Takeing Screenshot]]>
    </system-out>
  </testcase> <!-- dribbel -->
  <system-out>
    <![CDATA[browser lanuch..
Wait for sometimes
click on sign in
wait for sometimes
read data from excel
wait for sometimes
read data from excel
wait for sometimes
click on login button 
wait for sometimes
click on profile
wait for sometimes
read data from excel
Takeing Screenshot]]>
  </system-out>
</testsuite> <!-- study_POMForDribble.TestClass -->
