<?xml version="1.0" encoding="UTF-8"?>
<!-- Generated by org.testng.reporters.JUnitReportReporter -->
<testsuite hostname="SagarP" failures="0" tests="1" name="testNGStudy.OpenInsta" time="10.873" errors="0" timestamp="2023-06-19T13:34:28 IST" skipped="0">
  <testcase classname="testNGStudy.OpenInsta" name="insta" time="10.873"/>
</testsuite> <!-- testNGStudy.OpenInsta -->
