<?xml version="1.0" encoding="UTF-8"?>
<!-- Generated by org.testng.reporters.JUnitReportReporter -->
<testsuite hostname="SagarP" failures="0" tests="3" name="testNGGroup.B" time="0.048" errors="0" timestamp="2023-07-01T18:00:09 IST" skipped="0">
  <testcase classname="testNGGroup.B" name="g" time="0.007">
    <system-out>
      <![CDATA[G is running]]>
    </system-out>
  </testcase> <!-- g -->
  <testcase classname="testNGGroup.B" name="f" time="0.009">
    <system-out>
      <![CDATA[F is running]]>
    </system-out>
  </testcase> <!-- f -->
  <testcase classname="testNGGroup.B" name="e" time="0.032">
    <system-out>
      <![CDATA[E is running]]>
    </system-out>
  </testcase> <!-- e -->
  <system-out>
    <![CDATA[E is running
F is running
G is running
B is running
C is running]]>
  </system-out>
</testsuite> <!-- testNGGroup.B -->
