<?xml version="1.0" encoding="UTF-8"?>
<!-- Generated by org.testng.reporters.JUnitReportReporter -->
<testsuite hostname="SagarP" failures="0" tests="2" name="testNGFail.B" time="0.038" errors="0" timestamp="2023-07-01T18:06:56 IST" skipped="0">
  <testcase classname="testNGFail.B" name="g" time="0.028">
    <system-out>
      <![CDATA[G is running]]>
    </system-out>
  </testcase> <!-- g -->
  <testcase classname="testNGFail.B" name="e" time="0.010">
    <system-out>
      <![CDATA[E is running]]>
    </system-out>
  </testcase> <!-- e -->
  <system-out>
    <![CDATA[G is running
E is running]]>
  </system-out>
</testsuite> <!-- testNGFail.B -->
