<?xml version="1.0" encoding="UTF-8"?>
<!-- Generated by org.testng.reporters.JUnitReportReporter -->
<testsuite hostname="SagarP" failures="0" tests="1" name="testNGStudy.OpenFB" time="10.894" errors="0" timestamp="2023-06-19T13:34:28 IST" skipped="0">
  <testcase classname="testNGStudy.OpenFB" name="fb" time="10.894"/>
</testsuite> <!-- testNGStudy.OpenFB -->
