<?xml version="1.0" encoding="UTF-8"?>
<!-- Generated by org.testng.reporters.JUnitReportReporter -->
<testsuite hostname="SagarP" failures="0" tests="1" name="testNGVerificationStudy.VerificationsStudy" time="49.376" errors="0" timestamp="2023-06-21T16:26:38 IST" skipped="0">
  <testcase classname="testNGVerificationStudy.VerificationsStudy" name="testing" time="49.376"/>
</testsuite> <!-- testNGVerificationStudy.VerificationsStudy -->
