<?xml version="1.0" encoding="UTF-8"?>
<!-- Generated by org.testng.reporters.JUnitReportReporter -->
<testsuite hostname="SagarP" failures="0" tests="1" name="study_POMForDribble.TestClassProperty" time="27.001" errors="0" timestamp="2023-07-02T15:39:25 IST" skipped="0">
  <testcase classname="study_POMForDribble.TestClassProperty" name="dribbel" time="27.001">
    <system-out>
      <![CDATA[wait for sometimes
readingExpfrom property File
Takeing Screenshot]]>
    </system-out>
  </testcase> <!-- dribbel -->
  <system-out>
    <![CDATA[readingUrlfrom property File
Wait for sometimes
click on sign in
wait for sometimes
readingUNfrom property File
wait for sometimes
readingPWDfrom property File
wait for sometimes
click on login button 
wait for sometimes
click on profile
wait for sometimes
readingExpfrom property File
Takeing Screenshot]]>
  </system-out>
</testsuite> <!-- study_POMForDribble.TestClassProperty -->
