<?xml version="1.0" encoding="UTF-8"?>
<!-- Generated by org.testng.reporters.JUnitReportReporter -->
<testsuite hostname="SagarP" failures="0" tests="3" name="testNGStudy.AnnotationsStudy" time="0.057" errors="0" timestamp="2023-06-15T22:07:33 IST" skipped="0">
  <testcase classname="testNGStudy.AnnotationsStudy" name="addStatus" time="0.018"/>
  <testcase classname="testNGStudy.AnnotationsStudy" name="sendMessage" time="0.022"/>
  <testcase classname="testNGStudy.AnnotationsStudy" name="changeProfile" time="0.017"/>
  <system-out>
    <![CDATA[b is running
c is running
d is running
a is running]]>
  </system-out>
</testsuite> <!-- testNGStudy.AnnotationsStudy -->
