<?xml version="1.0" encoding="UTF-8"?>
<!-- Generated by org.testng.reporters.JUnitReportReporter -->
<testsuite hostname="SagarP" failures="0" tests="3" name="testNGStudy.MyTestNGClass" time="0.075" errors="0" timestamp="2023-06-16T16:48:50 IST" skipped="0">
  <testcase classname="testNGStudy.MyTestNGClass" name="changeStatus" time="0.025">
    <system-out>
      <![CDATA[change status]]>
    </system-out>
  </testcase> <!-- changeStatus -->
  <testcase classname="testNGStudy.MyTestNGClass" name="changeStatus" time="0.025">
    <system-out>
      <![CDATA[change status]]>
    </system-out>
  </testcase> <!-- changeStatus -->
  <testcase classname="testNGStudy.MyTestNGClass" name="chngProfile" time="0.025">
    <system-out>
      <![CDATA[change profile]]>
    </system-out>
  </testcase> <!-- chngProfile -->
  <system-out>
    <![CDATA[browser launch n start app
login successful
change status
logout successful
login successful
change status
logout successful
login successful
change profile
logout successful
close browser]]>
  </system-out>
</testsuite> <!-- testNGStudy.MyTestNGClass -->
