<?xml version="1.0" encoding="UTF-8"?>
<!-- Generated by org.testng.reporters.JUnitReportReporter -->
<testsuite hostname="SagarP" failures="0" tests="1" name="testNGStudy.NewTestStudy" time="9.883" errors="0" timestamp="2023-06-09T12:38:43 IST" skipped="0">
  <testcase classname="testNGStudy.NewTestStudy" name="myMethod" time="9.883"/>
</testsuite> <!-- testNGStudy.NewTestStudy -->
