<?xml version="1.0" encoding="UTF-8"?>
<!-- Generated by org.testng.reporters.JUnitReportReporter -->
<testsuite hostname="SagarP" failures="0" tests="2" name="testNGGroup.A" time="0.011" errors="0" timestamp="2023-07-01T18:00:09 IST" skipped="0">
  <testcase classname="testNGGroup.A" name="c" time="0.005">
    <system-out>
      <![CDATA[C is running]]>
    </system-out>
  </testcase> <!-- c -->
  <testcase classname="testNGGroup.A" name="b" time="0.006">
    <system-out>
      <![CDATA[B is running]]>
    </system-out>
  </testcase> <!-- b -->
  <system-out>
    <![CDATA[E is running
F is running
G is running
B is running
C is running]]>
  </system-out>
</testsuite> <!-- testNGGroup.A -->
