<?xml version="1.0" encoding="UTF-8"?>
<!-- Generated by org.testng.reporters.JUnitReportReporter -->
<testsuite hostname="SagarP" failures="0" tests="1" name="study_POMForDribble.TestClassDataProvider" time="28.567" errors="0" timestamp="2023-07-02T16:51:44 IST" skipped="0">
  <testcase classname="study_POMForDribble.TestClassDataProvider" name="dribbel" time="28.567">
    <system-out>
      <![CDATA[click on sign in
wait for sometimes
wait for sometimes
wait for sometimes
click on login button 
wait for sometimes
click on profile
wait for sometimes
Takeing Screenshot]]>
    </system-out>
  </testcase> <!-- dribbel -->
  <system-out>
    <![CDATA[browser lanuch..
Wait for sometimes
click on sign in
wait for sometimes
wait for sometimes
wait for sometimes
click on login button 
wait for sometimes
click on profile
wait for sometimes
Takeing Screenshot]]>
  </system-out>
</testsuite> <!-- study_POMForDribble.TestClassDataProvider -->
