<?xml version="1.0" encoding="UTF-8"?>
<!-- Generated by org.testng.reporters.JUnitReportReporter -->
<testsuite hostname="SagarP" failures="0" tests="3" name="testNGFail.A" time="0.051" errors="0" timestamp="2023-07-01T18:06:13 IST" skipped="0">
  <testcase classname="testNGFail.A" name="a" time="0.009">
    <system-out>
      <![CDATA[A is running]]>
    </system-out>
  </testcase> <!-- a -->
  <testcase classname="testNGFail.A" name="c" time="0.029">
    <system-out>
      <![CDATA[C is running]]>
    </system-out>
  </testcase> <!-- c -->
  <testcase classname="testNGFail.A" name="b" time="0.013">
    <system-out>
      <![CDATA[B is running]]>
    </system-out>
  </testcase> <!-- b -->
  <system-out>
    <![CDATA[C is running
B is running
A is running]]>
  </system-out>
</testsuite> <!-- testNGFail.A -->
