<?xml version="1.0" encoding="UTF-8"?>
<!-- Generated by org.testng.reporters.JUnitReportReporter -->
<testsuite hostname="SagarP" failures="0" tests="1" name="testNGStudy.Test2" time="0.029" errors="0" timestamp="2023-06-17T08:01:30 IST" skipped="0">
  <testcase classname="testNGStudy.Test2" name="myMethod3" time="0.029">
    <system-out>
      <![CDATA[test3 is running]]>
    </system-out>
  </testcase> <!-- myMethod3 -->
  <system-out>
    <![CDATA[test3 is running]]>
  </system-out>
</testsuite> <!-- testNGStudy.Test2 -->
