<?xml version="1.0" encoding="UTF-8"?>
<!-- Generated by org.testng.reporters.JUnitReportReporter -->
<testsuite hostname="SagarP" failures="0" tests="3" name="testNGDataProviderKey.Fb" time="236.610" errors="0" timestamp="2023-07-04T16:29:10 IST" skipped="0">
  <testcase classname="testNGDataProviderKey.Fb" name="fbData" time="144.849"/>
  <testcase classname="testNGDataProviderKey.Fb" name="fbData" time="58.015"/>
  <testcase classname="testNGDataProviderKey.Fb" name="fbData" time="33.746"/>
</testsuite> <!-- testNGDataProviderKey.Fb -->
