<?xml version="1.0" encoding="UTF-8"?>
<!-- Generated by org.testng.reporters.JUnitReportReporter -->
<testsuite hostname="SagarP" failures="0" tests="4" name="listenerStudy.TestClass" time="0.604" errors="1" timestamp="2023-06-29T16:26:32 IST" skipped="1">
  <testcase classname="listenerStudy.TestClass" name="TC3" time="0.032">
    <system-out>
      <![CDATA[TC executions is Start...
Tc3 is running
TC successfully run...
TC successfully run...]]>
    </system-out>
  </testcase> <!-- TC3 -->
  <testcase classname="listenerStudy.TestClass" name="TC4" time="0.554">
    <error message="Method listenerStudy.TestClass.TC4() didn&#039;t finish within the time-out 500" type="org.testng.internal.thread.ThreadTimeoutException">
      <![CDATA[org.testng.internal.thread.ThreadTimeoutException: Method listenerStudy.TestClass.TC4() didn't finish within the time-out 500
at java.base@17.0.3.1/java.lang.Thread.sleep(Native Method)
at app//listenerStudy.TestClass.TC4(TestClass.java:23)
at java.base@17.0.3.1/jdk.internal.reflect.NativeMethodAccessorImpl.invoke0(Native Method)
at java.base@17.0.3.1/jdk.internal.reflect.NativeMethodAccessorImpl.invoke(NativeMethodAccessorImpl.java:77)
at java.base@17.0.3.1/jdk.internal.reflect.DelegatingMethodAccessorImpl.invoke(DelegatingMethodAccessorImpl.java:43)
at java.base@17.0.3.1/java.lang.reflect.Method.invoke(Method.java:568)
at app//org.testng.internal.invokers.MethodInvocationHelper.invokeMethod(MethodInvocationHelper.java:139)
at app//org.testng.internal.invokers.InvokeMethodRunnable.runOne(InvokeMethodRunnable.java:47)
at app//org.testng.internal.invokers.InvokeMethodRunnable.call(InvokeMethodRunnable.java:76)
at app//org.testng.internal.invokers.InvokeMethodRunnable.call(InvokeMethodRunnable.java:11)
at java.base@17.0.3.1/java.util.concurrent.FutureTask.run(FutureTask.java:264)
at java.base@17.0.3.1/java.util.concurrent.ThreadPoolExecutor.runWorker(ThreadPoolExecutor.java:1136)
at java.base@17.0.3.1/java.util.concurrent.ThreadPoolExecutor$Worker.run(ThreadPoolExecutor.java:635)
at java.base@17.0.3.1/java.lang.Thread.run(Thread.java:833)
]]>
    </error>
    <system-out>
      <![CDATA[TC executions is Start...
Tc is faile bcoz of timeout...
Tc fail bcoz of timeout...]]>
    </system-out>
  </testcase> <!-- TC4 -->
  <testcase classname="listenerStudy.TestClass" name="TC1" time="0.017">
    <system-out>
      <![CDATA[TC executions is Start...
Tc1 is running
TC successfully run...
TC successfully run...]]>
    </system-out>
  </testcase> <!-- TC1 -->
  <testcase classname="listenerStudy.TestClass" name="TC2" time="0.001">
    <skipped/>
    <system-out>
      <![CDATA[Tc[TestResult name=TC2 status=SKIP method=TestClass.TC2()[pri:0, instance:listenerStudy.TestClass@5aa9e4eb] output={null}]is skipped
Tc skipped..]]>
    </system-out>
  </testcase> <!-- TC2 -->
  <system-out>
    <![CDATA[TC executions is Start...
Tc3 is running
TC successfully run...
TC successfully run...
TC executions is Start...
Tc1 is running
TC successfully run...
TC successfully run...
TC executions is Start...
Tc is faile bcoz of timeout...
Tc fail bcoz of timeout...
TC executions is Start...
Tc[TestResult name=TC2 status=SKIP method=TestClass.TC2()[pri:0, instance:listenerStudy.TestClass@5aa9e4eb] output={null}]is skipped
Tc skipped..]]>
  </system-out>
</testsuite> <!-- listenerStudy.TestClass -->
